<?xml version="1.0" encoding="UTF-8"?>
<!-- Generated by org.testng.reporters.JUnitReportReporter -->
<testsuite skipped="0" hostname="SachinRoy-Asus" name="com.weatherApp.qa.restAssured.Testing" tests="1" failures="0" timestamp="21 Aug 2018 21:46:10 GMT" time="3.616" errors="0">
  <testcase name="RegistrationSuccessful" time="3.616" classname="com.weatherApp.qa.restAssured.Testing"/>
</testsuite> <!-- com.weatherApp.qa.restAssured.Testing -->
